15:15:07:282  INFO 14444 --- [gulimall-coupon] [main] c.a.gulimall.coupon.CouponApplication    : Starting CouponApplication using Java 17.0.10 with PID 14444 (C:\Users\LHW\Desktop\gulimall\gulimall\gulimall-coupon\target\classes started by LHW in C:\Users\LHW\Desktop\gulimall\gulimall)
15:15:07:283 DEBUG 14444 --- [gulimall-coupon] [main] c.a.gulimall.coupon.CouponApplication    : Running with Spring Boot v3.3.1, Spring v6.1.10
15:15:07:284  INFO 14444 --- [gulimall-coupon] [main] c.a.gulimall.coupon.CouponApplication    : No active profile set, falling back to 1 default profile: "default"
15:15:07:858  INFO 14444 --- [gulimall-coupon] [main] o.s.cloud.context.scope.GenericScope     : BeanFactory id=0041bb77-2a7e-30ed-a4da-e13cc2b51566
15:15:08:096  INFO 14444 --- [gulimall-coupon] [main] o.s.b.w.embedded.tomcat.TomcatWebServer  : Tomcat initialized with port 8001 (http)
15:15:08:098  INFO 14444 --- [gulimall-coupon] [main] o.a.catalina.core.AprLifecycleListener   : An older version [1.2.39] of the Apache Tomcat Native library is installed, while Tomcat recommends a minimum version of [2.0.5]
15:15:08:098  INFO 14444 --- [gulimall-coupon] [main] o.a.catalina.core.AprLifecycleListener   : Loaded Apache Tomcat Native library [1.2.39] using APR version [1.7.4].
15:15:08:101  INFO 14444 --- [gulimall-coupon] [main] o.a.catalina.core.AprLifecycleListener   : OpenSSL successfully initialized [OpenSSL 3.0.11 19 Sep 2023]
15:15:08:110  INFO 14444 --- [gulimall-coupon] [main] o.apache.catalina.core.StandardService   : Starting service [Tomcat]
15:15:08:110  INFO 14444 --- [gulimall-coupon] [main] o.apache.catalina.core.StandardEngine    : Starting Servlet engine: [Apache Tomcat/10.1.25]
15:15:08:153  INFO 14444 --- [gulimall-coupon] [main] o.a.c.c.C.[Tomcat].[localhost].[/]       : Initializing Spring embedded WebApplicationContext
15:15:08:154  INFO 14444 --- [gulimall-coupon] [main] w.s.c.ServletWebServerApplicationContext : Root WebApplicationContext: initialization completed in 840 ms
15:15:08:893  INFO 14444 --- [gulimall-coupon] [main] c.alibaba.nacos.client.utils.ParamUtil   : [settings] [req-serv] nacos-server port:8848
15:15:08:895  INFO 14444 --- [gulimall-coupon] [main] c.alibaba.nacos.client.utils.ParamUtil   : [settings] [http-client] connect timeout:1000
15:15:08:896  INFO 14444 --- [gulimall-coupon] [main] c.alibaba.nacos.client.utils.ParamUtil   : PER_TASK_CONFIG_SIZE: 3000.0
15:15:08:897  INFO 14444 --- [gulimall-coupon] [Thread-2] c.a.n.c.a.r.identify.CredentialWatcher   : null No credential found
15:15:08:913  INFO 14444 --- [gulimall-coupon] [main] com.alibaba.nacos.common.labels          : DefaultLabelsCollectorManager get labels.....
15:15:08:913  INFO 14444 --- [gulimall-coupon] [main] com.alibaba.nacos.common.labels          : Process LabelsCollector with [name:defaultNacosLabelsCollector]
15:15:08:913  INFO 14444 --- [gulimall-coupon] [main] com.alibaba.nacos.common.labels          : default nacos collect properties raw labels: null
15:15:08:914  INFO 14444 --- [gulimall-coupon] [main] com.alibaba.nacos.common.labels          : default nacos collect properties labels: {}
15:15:08:914  INFO 14444 --- [gulimall-coupon] [main] com.alibaba.nacos.common.labels          : default nacos collect jvm raw labels: null
15:15:08:914  INFO 14444 --- [gulimall-coupon] [main] com.alibaba.nacos.common.labels          : default nacos collect jvm labels: {}
15:15:08:914  INFO 14444 --- [gulimall-coupon] [main] com.alibaba.nacos.common.labels          : default nacos collect env raw labels: null
15:15:08:914  INFO 14444 --- [gulimall-coupon] [main] com.alibaba.nacos.common.labels          : default nacos collect env labels: {}
15:15:08:914  INFO 14444 --- [gulimall-coupon] [main] com.alibaba.nacos.common.labels          : DefaultLabelsCollectorManager get labels finished,labels :{}
15:15:08:919  INFO 14444 --- [gulimall-coupon] [main] c.a.n.p.a.s.c.ClientAuthPluginManager    : [ClientAuthPluginManager] Load ClientAuthService com.alibaba.nacos.client.auth.impl.NacosClientAuthServiceImpl success.
15:15:08:919  INFO 14444 --- [gulimall-coupon] [main] c.a.n.p.a.s.c.ClientAuthPluginManager    : [ClientAuthPluginManager] Load ClientAuthService com.alibaba.nacos.client.auth.ram.RamClientAuthServiceImpl success.
15:15:10:085  INFO 14444 --- [gulimall-coupon] [main] o.s.cloud.commons.util.InetUtils         : Cannot determine local hostname
15:15:11:330  INFO 14444 --- [gulimall-coupon] [main] o.s.cloud.commons.util.InetUtils         : Cannot determine local hostname
15:15:11:393  INFO 14444 --- [gulimall-coupon] [main] o.s.b.w.embedded.tomcat.TomcatWebServer  : Tomcat started on port 8001 (http) with context path '/'
15:15:11:397  INFO 14444 --- [gulimall-coupon] [main] com.alibaba.nacos.client.naming          : initializer namespace from ans.namespace attribute : null
15:15:11:397  INFO 14444 --- [gulimall-coupon] [main] com.alibaba.nacos.client.naming          : initializer namespace from ALIBABA_ALIWARE_NAMESPACE attribute :null
15:15:11:397  INFO 14444 --- [gulimall-coupon] [main] com.alibaba.nacos.client.naming          : initializer namespace from namespace attribute :null
15:15:11:406  INFO 14444 --- [gulimall-coupon] [main] com.alibaba.nacos.client.naming          : FailoverDataSource type is class com.alibaba.nacos.client.naming.backups.datasource.DiskFailoverDataSource
15:15:11:408  INFO 14444 --- [gulimall-coupon] [main] c.a.n.p.a.s.c.ClientAuthPluginManager    : [ClientAuthPluginManager] Load ClientAuthService com.alibaba.nacos.client.auth.impl.NacosClientAuthServiceImpl success.
15:15:11:408  INFO 14444 --- [gulimall-coupon] [main] c.a.n.p.a.s.c.ClientAuthPluginManager    : [ClientAuthPluginManager] Load ClientAuthService com.alibaba.nacos.client.auth.ram.RamClientAuthServiceImpl success.
15:15:11:415  INFO 14444 --- [gulimall-coupon] [main] com.alibaba.nacos.common.remote.client   : [RpcClientFactory] create a new rpc client of f4e495b5-f74d-4d52-850b-58096b3c721e
15:15:11:430  INFO 14444 --- [gulimall-coupon] [main] com.alibaba.nacos.client.naming          : Create naming rpc client for uuid->f4e495b5-f74d-4d52-850b-58096b3c721e
15:15:11:430  INFO 14444 --- [gulimall-coupon] [main] com.alibaba.nacos.common.remote.client   : [f4e495b5-f74d-4d52-850b-58096b3c721e] RpcClient init, ServerListFactory = com.alibaba.nacos.client.naming.core.ServerListManager
15:15:11:430  INFO 14444 --- [gulimall-coupon] [main] com.alibaba.nacos.common.remote.client   : [f4e495b5-f74d-4d52-850b-58096b3c721e] Registry connection listener to current client:com.alibaba.nacos.client.naming.remote.gprc.redo.NamingGrpcRedoService
15:15:11:430  INFO 14444 --- [gulimall-coupon] [main] com.alibaba.nacos.common.remote.client   : [f4e495b5-f74d-4d52-850b-58096b3c721e] Register server push request handler:com.alibaba.nacos.client.naming.remote.gprc.NamingPushRequestHandler
15:15:11:431  INFO 14444 --- [gulimall-coupon] [main] com.alibaba.nacos.common.remote.client   : [f4e495b5-f74d-4d52-850b-58096b3c721e] Try to connect to server on start up, server: {serverIp = '127.0.0.1', server main port = 8848}
15:15:11:456  INFO 14444 --- [gulimall-coupon] [main] c.a.n.c.remote.client.grpc.GrpcClient    : grpc client connection server:127.0.0.1 ip,serverPort:9848,grpcTslConfig:{"sslProvider":"","enableTls":false,"mutualAuthEnable":false,"trustAll":false}
15:15:12:054  INFO 14444 --- [gulimall-coupon] [main] c.a.n.c.a.AbstractAbilityControlManager  : Ready to get current node abilities...
15:15:12:056  INFO 14444 --- [gulimall-coupon] [main] c.a.n.c.a.AbstractAbilityControlManager  : Ready to initialize current node abilities, support modes: [SDK_CLIENT]
15:15:12:057  INFO 14444 --- [gulimall-coupon] [main] c.a.n.c.a.AbstractAbilityControlManager  : Initialize current abilities finish...
15:15:12:057  INFO 14444 --- [gulimall-coupon] [main] c.a.n.c.a.d.NacosAbilityManagerHolder    : [AbilityControlManager] Successfully initialize AbilityControlManager
15:15:12:073  INFO 14444 --- [gulimall-coupon] [main] com.alibaba.nacos.common.remote.client   : [f4e495b5-f74d-4d52-850b-58096b3c721e] Success to connect to server [127.0.0.1:8848] on start up, connectionId = 1719213311991_127.0.0.1_53030
15:15:12:073  INFO 14444 --- [gulimall-coupon] [com.alibaba.nacos.client.remote.worker.0] com.alibaba.nacos.common.remote.client   : [f4e495b5-f74d-4d52-850b-58096b3c721e] Notify connected event to listeners.
15:15:12:073  INFO 14444 --- [gulimall-coupon] [com.alibaba.nacos.client.remote.worker.0] com.alibaba.nacos.client.naming          : Grpc connection connect
15:15:12:073  INFO 14444 --- [gulimall-coupon] [main] com.alibaba.nacos.common.remote.client   : [f4e495b5-f74d-4d52-850b-58096b3c721e] Register server push request handler:com.alibaba.nacos.common.remote.client.RpcClient$ConnectResetRequestHandler
15:15:12:074  INFO 14444 --- [gulimall-coupon] [main] com.alibaba.nacos.common.remote.client   : [f4e495b5-f74d-4d52-850b-58096b3c721e] Register server push request handler:com.alibaba.nacos.common.remote.client.RpcClient$$Lambda$1007/0x000001f49c6a9600
15:15:12:075  INFO 14444 --- [gulimall-coupon] [main] com.alibaba.nacos.client.naming          : [REGISTER-SERVICE] public registering service gulimall-coupon with instance Instance{instanceId='null', ip='192.168.206.1', port=8001, weight=1.0, healthy=true, enabled=true, ephemeral=true, clusterName='DEFAULT', serviceName='null', metadata={IPv6=[240c:c901:2:7a8d:8b11:f3ae:9d36:5492], preserved.register.source=SPRING_CLOUD}}
15:15:12:085  INFO 14444 --- [gulimall-coupon] [main] c.a.c.n.registry.NacosServiceRegistry    : nacos registry, DEFAULT_GROUP gulimall-coupon 192.168.206.1:8001 register finished
15:15:13:229  INFO 14444 --- [gulimall-coupon] [main] o.s.cloud.commons.util.InetUtils         : Cannot determine local hostname
15:15:13:236  INFO 14444 --- [gulimall-coupon] [main] c.a.gulimall.coupon.CouponApplication    : Started CouponApplication in 7.481 seconds (process running for 7.871)
15:15:21:451  INFO 14444 --- [gulimall-coupon] [http-nio-8001-exec-2] o.a.c.c.C.[Tomcat].[localhost].[/]       : Initializing Spring DispatcherServlet 'dispatcherServlet'
15:15:21:451  INFO 14444 --- [gulimall-coupon] [http-nio-8001-exec-2] o.s.web.servlet.DispatcherServlet        : Initializing Servlet 'dispatcherServlet'
15:15:21:452  INFO 14444 --- [gulimall-coupon] [http-nio-8001-exec-2] o.s.web.servlet.DispatcherServlet        : Completed initialization in 0 ms
15:15:21:495  INFO 14444 --- [gulimall-coupon] [http-nio-8001-exec-2] com.zaxxer.hikari.HikariDataSource       : HikariPool-1 - Starting...
15:15:21:792  INFO 14444 --- [gulimall-coupon] [http-nio-8001-exec-2] com.zaxxer.hikari.pool.HikariPool        : HikariPool-1 - Added connection com.mysql.cj.jdbc.ConnectionImpl@1887c2f3
15:15:21:794  INFO 14444 --- [gulimall-coupon] [http-nio-8001-exec-2] com.zaxxer.hikari.HikariDataSource       : HikariPool-1 - Start completed.
15:15:21:799 DEBUG 14444 --- [gulimall-coupon] [http-nio-8001-exec-2] c.a.g.coupon.dao.CouponDao.selectById    : ==>  Preparing: SELECT id,coupon_type,coupon_img,coupon_name,num,amount,per_limit,min_point,start_time,end_time,use_type,note,publish_count,use_count,receive_count,enable_start_time,enable_end_time,code,member_level,publish FROM sms_coupon WHERE id=?
15:15:21:817 DEBUG 14444 --- [gulimall-coupon] [http-nio-8001-exec-2] c.a.g.coupon.dao.CouponDao.selectById    : ==> Parameters: 1(Long)
15:15:21:844 DEBUG 14444 --- [gulimall-coupon] [http-nio-8001-exec-2] c.a.g.coupon.dao.CouponDao.selectById    : <==      Total: 0
15:27:45:409 DEBUG 14444 --- [gulimall-coupon] [http-nio-8001-exec-3] c.a.g.coupon.dao.CouponDao.selectById    : ==>  Preparing: SELECT id,coupon_type,coupon_img,coupon_name,num,amount,per_limit,min_point,start_time,end_time,use_type,note,publish_count,use_count,receive_count,enable_start_time,enable_end_time,code,member_level,publish FROM sms_coupon WHERE id=?
15:27:45:409 DEBUG 14444 --- [gulimall-coupon] [http-nio-8001-exec-3] c.a.g.coupon.dao.CouponDao.selectById    : ==> Parameters: 1(Long)
15:27:45:410 DEBUG 14444 --- [gulimall-coupon] [http-nio-8001-exec-3] c.a.g.coupon.dao.CouponDao.selectById    : <==      Total: 0
15:51:38:450  WARN 14444 --- [gulimall-coupon] [Thread-7] c.a.nacos.common.notify.NotifyCenter     : [NotifyCenter] Start destroying Publisher
15:51:38:450  WARN 14444 --- [gulimall-coupon] [Thread-3] c.a.n.common.http.HttpClientBeanHolder   : [HttpClientBeanHolder] Start destroying common HttpClient
15:51:38:451  WARN 14444 --- [gulimall-coupon] [Thread-7] c.a.nacos.common.notify.NotifyCenter     : [NotifyCenter] Destruction of the end
15:51:38:451  WARN 14444 --- [gulimall-coupon] [Thread-3] c.a.n.common.http.HttpClientBeanHolder   : [HttpClientBeanHolder] Destruction of the end
15:51:38:509  INFO 14444 --- [gulimall-coupon] [SpringApplicationShutdownHook] c.a.c.n.registry.NacosServiceRegistry    : De-registering from Nacos Server now...
15:51:38:510  INFO 14444 --- [gulimall-coupon] [SpringApplicationShutdownHook] com.alibaba.nacos.client.naming          : [DEREGISTER-SERVICE] public deregistering service gulimall-coupon with instance: Instance{instanceId='null', ip='192.168.206.1', port=8001, weight=1.0, healthy=true, enabled=true, ephemeral=true, clusterName='DEFAULT', serviceName='null', metadata={}}
15:51:38:514  INFO 14444 --- [gulimall-coupon] [SpringApplicationShutdownHook] c.a.c.n.registry.NacosServiceRegistry    : De-registration finished.
15:51:38:514  INFO 14444 --- [gulimall-coupon] [SpringApplicationShutdownHook] com.alibaba.nacos.client.naming          : com.alibaba.nacos.client.naming.cache.ServiceInfoHolder do shutdown begin
15:51:38:514  INFO 14444 --- [gulimall-coupon] [SpringApplicationShutdownHook] com.alibaba.nacos.client.naming          : com.alibaba.nacos.client.naming.backups.FailoverReactor do shutdown begin
15:51:38:514  INFO 14444 --- [gulimall-coupon] [SpringApplicationShutdownHook] com.alibaba.nacos.client.naming          : com.alibaba.nacos.client.naming.backups.FailoverReactor do shutdown stop
15:51:38:514  INFO 14444 --- [gulimall-coupon] [SpringApplicationShutdownHook] com.alibaba.nacos.client.naming          : com.alibaba.nacos.client.naming.cache.ServiceInfoHolder do shutdown stop
15:51:38:514  INFO 14444 --- [gulimall-coupon] [SpringApplicationShutdownHook] com.alibaba.nacos.client.naming          : com.alibaba.nacos.client.naming.remote.NamingClientProxyDelegate do shutdown begin
15:51:38:514  INFO 14444 --- [gulimall-coupon] [SpringApplicationShutdownHook] com.alibaba.nacos.client.naming          : com.alibaba.nacos.client.naming.core.ServiceInfoUpdateService do shutdown begin
15:51:38:515  INFO 14444 --- [gulimall-coupon] [SpringApplicationShutdownHook] com.alibaba.nacos.client.naming          : com.alibaba.nacos.client.naming.core.ServiceInfoUpdateService do shutdown stop
15:51:38:515  INFO 14444 --- [gulimall-coupon] [SpringApplicationShutdownHook] com.alibaba.nacos.client.naming          : com.alibaba.nacos.client.naming.core.ServerListManager do shutdown begin
15:51:38:515  WARN 14444 --- [gulimall-coupon] [SpringApplicationShutdownHook] com.alibaba.nacos.client.naming          : [NamingHttpClientManager] Start destroying NacosRestTemplate
15:51:38:515  WARN 14444 --- [gulimall-coupon] [SpringApplicationShutdownHook] com.alibaba.nacos.client.naming          : [NamingHttpClientManager] Destruction of the end
15:51:38:515  INFO 14444 --- [gulimall-coupon] [SpringApplicationShutdownHook] com.alibaba.nacos.client.naming          : com.alibaba.nacos.client.naming.core.ServerListManager do shutdown stop
15:51:38:515  INFO 14444 --- [gulimall-coupon] [SpringApplicationShutdownHook] com.alibaba.nacos.client.naming          : com.alibaba.nacos.client.naming.remote.http.NamingHttpClientProxy do shutdown begin
15:51:38:515  WARN 14444 --- [gulimall-coupon] [SpringApplicationShutdownHook] com.alibaba.nacos.client.naming          : [NamingHttpClientManager] Start destroying NacosRestTemplate
15:51:38:515  WARN 14444 --- [gulimall-coupon] [SpringApplicationShutdownHook] com.alibaba.nacos.client.naming          : [NamingHttpClientManager] Destruction of the end
15:51:38:515  INFO 14444 --- [gulimall-coupon] [SpringApplicationShutdownHook] com.alibaba.nacos.client.naming          : com.alibaba.nacos.client.naming.remote.http.NamingHttpClientProxy do shutdown stop
15:51:38:515  INFO 14444 --- [gulimall-coupon] [SpringApplicationShutdownHook] com.alibaba.nacos.client.naming          : Shutdown naming grpc client proxy for  uuid->f4e495b5-f74d-4d52-850b-58096b3c721e
15:51:38:515  INFO 14444 --- [gulimall-coupon] [SpringApplicationShutdownHook] com.alibaba.nacos.client.naming          : Shutdown grpc redo service executor java.util.concurrent.ScheduledThreadPoolExecutor@1642495c[Running, pool size = 1, active threads = 0, queued tasks = 1, completed tasks = 727]
15:51:38:515  INFO 14444 --- [gulimall-coupon] [SpringApplicationShutdownHook] com.alibaba.nacos.common.remote.client   : Shutdown rpc client, set status to shutdown
15:51:38:515  INFO 14444 --- [gulimall-coupon] [SpringApplicationShutdownHook] com.alibaba.nacos.common.remote.client   : Shutdown client event executor java.util.concurrent.ScheduledThreadPoolExecutor@65cc3fb4[Running, pool size = 2, active threads = 2, queued tasks = 0, completed tasks = 0]
15:51:38:515  INFO 14444 --- [gulimall-coupon] [SpringApplicationShutdownHook] com.alibaba.nacos.common.remote.client   : Close current connection 1719213311991_127.0.0.1_53030
15:51:38:516  INFO 14444 --- [gulimall-coupon] [nacos-grpc-client-executor-127.0.0.1-440] c.a.n.c.remote.client.grpc.GrpcClient    : [1719213311991_127.0.0.1_53030]Ignore complete event,isRunning:false,isAbandon=false
15:51:38:518  INFO 14444 --- [gulimall-coupon] [SpringApplicationShutdownHook] c.a.n.c.remote.client.grpc.GrpcClient    : Shutdown grpc executor java.util.concurrent.ThreadPoolExecutor@457305f0[Running, pool size = 4, active threads = 0, queued tasks = 0, completed tasks = 441]
15:51:38:518  INFO 14444 --- [gulimall-coupon] [SpringApplicationShutdownHook] com.alibaba.nacos.client.naming          : shutdown and remove naming rpc client  for uuid ->f4e495b5-f74d-4d52-850b-58096b3c721e
15:51:38:518  INFO 14444 --- [gulimall-coupon] [SpringApplicationShutdownHook] c.a.n.c.a.r.identify.CredentialWatcher   : [null] CredentialWatcher is stopped
15:51:38:518  INFO 14444 --- [gulimall-coupon] [SpringApplicationShutdownHook] c.a.n.c.a.r.identify.CredentialService   : [null] CredentialService is freed
15:51:38:518  INFO 14444 --- [gulimall-coupon] [SpringApplicationShutdownHook] com.alibaba.nacos.client.naming          : com.alibaba.nacos.client.naming.remote.NamingClientProxyDelegate do shutdown stop
15:51:38:520  INFO 14444 --- [gulimall-coupon] [SpringApplicationShutdownHook] com.zaxxer.hikari.HikariDataSource       : HikariPool-1 - Shutdown initiated...
15:51:38:529  INFO 14444 --- [gulimall-coupon] [SpringApplicationShutdownHook] com.zaxxer.hikari.HikariDataSource       : HikariPool-1 - Shutdown completed.
15:54:00:606  INFO 5956 --- [gulimall-coupon] [main] c.a.gulimall.coupon.CouponApplication    : Starting CouponApplication using Java 17.0.10 with PID 5956 (C:\Users\LHW\Desktop\gulimall\gulimall\gulimall-coupon\target\classes started by LHW in C:\Users\LHW\Desktop\gulimall\gulimall)
15:54:00:607 DEBUG 5956 --- [gulimall-coupon] [main] c.a.gulimall.coupon.CouponApplication    : Running with Spring Boot v3.3.1, Spring v6.1.10
15:54:00:608  INFO 5956 --- [gulimall-coupon] [main] c.a.gulimall.coupon.CouponApplication    : No active profile set, falling back to 1 default profile: "default"
15:54:01:154  INFO 5956 --- [gulimall-coupon] [main] o.s.cloud.context.scope.GenericScope     : BeanFactory id=0041bb77-2a7e-30ed-a4da-e13cc2b51566
15:54:01:368  INFO 5956 --- [gulimall-coupon] [main] o.s.b.w.embedded.tomcat.TomcatWebServer  : Tomcat initialized with port 8001 (http)
15:54:01:370  INFO 5956 --- [gulimall-coupon] [main] o.a.catalina.core.AprLifecycleListener   : An older version [1.2.39] of the Apache Tomcat Native library is installed, while Tomcat recommends a minimum version of [2.0.5]
15:54:01:370  INFO 5956 --- [gulimall-coupon] [main] o.a.catalina.core.AprLifecycleListener   : Loaded Apache Tomcat Native library [1.2.39] using APR version [1.7.4].
15:54:01:373  INFO 5956 --- [gulimall-coupon] [main] o.a.catalina.core.AprLifecycleListener   : OpenSSL successfully initialized [OpenSSL 3.0.11 19 Sep 2023]
15:54:01:380  INFO 5956 --- [gulimall-coupon] [main] o.apache.catalina.core.StandardService   : Starting service [Tomcat]
15:54:01:380  INFO 5956 --- [gulimall-coupon] [main] o.apache.catalina.core.StandardEngine    : Starting Servlet engine: [Apache Tomcat/10.1.25]
15:54:01:421  INFO 5956 --- [gulimall-coupon] [main] o.a.c.c.C.[Tomcat].[localhost].[/]       : Initializing Spring embedded WebApplicationContext
15:54:01:422  INFO 5956 --- [gulimall-coupon] [main] w.s.c.ServletWebServerApplicationContext : Root WebApplicationContext: initialization completed in 784 ms
15:54:02:133  INFO 5956 --- [gulimall-coupon] [main] c.alibaba.nacos.client.utils.ParamUtil   : [settings] [req-serv] nacos-server port:8848
15:54:02:134  INFO 5956 --- [gulimall-coupon] [main] c.alibaba.nacos.client.utils.ParamUtil   : [settings] [http-client] connect timeout:1000
15:54:02:135  INFO 5956 --- [gulimall-coupon] [main] c.alibaba.nacos.client.utils.ParamUtil   : PER_TASK_CONFIG_SIZE: 3000.0
15:54:02:138  INFO 5956 --- [gulimall-coupon] [Thread-2] c.a.n.c.a.r.identify.CredentialWatcher   : null No credential found
15:54:02:151  INFO 5956 --- [gulimall-coupon] [main] com.alibaba.nacos.common.labels          : DefaultLabelsCollectorManager get labels.....
15:54:02:152  INFO 5956 --- [gulimall-coupon] [main] com.alibaba.nacos.common.labels          : Process LabelsCollector with [name:defaultNacosLabelsCollector]
15:54:02:152  INFO 5956 --- [gulimall-coupon] [main] com.alibaba.nacos.common.labels          : default nacos collect properties raw labels: null
15:54:02:152  INFO 5956 --- [gulimall-coupon] [main] com.alibaba.nacos.common.labels          : default nacos collect properties labels: {}
15:54:02:152  INFO 5956 --- [gulimall-coupon] [main] com.alibaba.nacos.common.labels          : default nacos collect jvm raw labels: null
15:54:02:152  INFO 5956 --- [gulimall-coupon] [main] com.alibaba.nacos.common.labels          : default nacos collect jvm labels: {}
15:54:02:152  INFO 5956 --- [gulimall-coupon] [main] com.alibaba.nacos.common.labels          : default nacos collect env raw labels: null
15:54:02:153  INFO 5956 --- [gulimall-coupon] [main] com.alibaba.nacos.common.labels          : default nacos collect env labels: {}
15:54:02:153  INFO 5956 --- [gulimall-coupon] [main] com.alibaba.nacos.common.labels          : DefaultLabelsCollectorManager get labels finished,labels :{}
15:54:02:158  INFO 5956 --- [gulimall-coupon] [main] c.a.n.p.a.s.c.ClientAuthPluginManager    : [ClientAuthPluginManager] Load ClientAuthService com.alibaba.nacos.client.auth.impl.NacosClientAuthServiceImpl success.
15:54:02:158  INFO 5956 --- [gulimall-coupon] [main] c.a.n.p.a.s.c.ClientAuthPluginManager    : [ClientAuthPluginManager] Load ClientAuthService com.alibaba.nacos.client.auth.ram.RamClientAuthServiceImpl success.
15:54:03:320  INFO 5956 --- [gulimall-coupon] [main] o.s.cloud.commons.util.InetUtils         : Cannot determine local hostname
15:54:04:564  INFO 5956 --- [gulimall-coupon] [main] o.s.cloud.commons.util.InetUtils         : Cannot determine local hostname
15:54:04:627  INFO 5956 --- [gulimall-coupon] [main] o.s.b.w.embedded.tomcat.TomcatWebServer  : Tomcat started on port 8001 (http) with context path '/'
15:54:04:631  INFO 5956 --- [gulimall-coupon] [main] com.alibaba.nacos.client.naming          : initializer namespace from ans.namespace attribute : null
15:54:04:631  INFO 5956 --- [gulimall-coupon] [main] com.alibaba.nacos.client.naming          : initializer namespace from ALIBABA_ALIWARE_NAMESPACE attribute :null
15:54:04:631  INFO 5956 --- [gulimall-coupon] [main] com.alibaba.nacos.client.naming          : initializer namespace from namespace attribute :null
15:54:04:639  INFO 5956 --- [gulimall-coupon] [main] com.alibaba.nacos.client.naming          : FailoverDataSource type is class com.alibaba.nacos.client.naming.backups.datasource.DiskFailoverDataSource
15:54:04:641  INFO 5956 --- [gulimall-coupon] [main] c.a.n.p.a.s.c.ClientAuthPluginManager    : [ClientAuthPluginManager] Load ClientAuthService com.alibaba.nacos.client.auth.impl.NacosClientAuthServiceImpl success.
15:54:04:642  INFO 5956 --- [gulimall-coupon] [main] c.a.n.p.a.s.c.ClientAuthPluginManager    : [ClientAuthPluginManager] Load ClientAuthService com.alibaba.nacos.client.auth.ram.RamClientAuthServiceImpl success.
15:54:04:648  INFO 5956 --- [gulimall-coupon] [main] com.alibaba.nacos.common.remote.client   : [RpcClientFactory] create a new rpc client of e4bb6fe8-7fba-4523-85c8-fd2ba75fe583
15:54:04:659  INFO 5956 --- [gulimall-coupon] [main] com.alibaba.nacos.client.naming          : Create naming rpc client for uuid->e4bb6fe8-7fba-4523-85c8-fd2ba75fe583
15:54:04:660  INFO 5956 --- [gulimall-coupon] [main] com.alibaba.nacos.common.remote.client   : [e4bb6fe8-7fba-4523-85c8-fd2ba75fe583] RpcClient init, ServerListFactory = com.alibaba.nacos.client.naming.core.ServerListManager
15:54:04:660  INFO 5956 --- [gulimall-coupon] [main] com.alibaba.nacos.common.remote.client   : [e4bb6fe8-7fba-4523-85c8-fd2ba75fe583] Registry connection listener to current client:com.alibaba.nacos.client.naming.remote.gprc.redo.NamingGrpcRedoService
15:54:04:661  INFO 5956 --- [gulimall-coupon] [main] com.alibaba.nacos.common.remote.client   : [e4bb6fe8-7fba-4523-85c8-fd2ba75fe583] Register server push request handler:com.alibaba.nacos.client.naming.remote.gprc.NamingPushRequestHandler
15:54:04:661  INFO 5956 --- [gulimall-coupon] [main] com.alibaba.nacos.common.remote.client   : [e4bb6fe8-7fba-4523-85c8-fd2ba75fe583] Try to connect to server on start up, server: {serverIp = '127.0.0.1', server main port = 8848}
15:54:04:687  INFO 5956 --- [gulimall-coupon] [main] c.a.n.c.remote.client.grpc.GrpcClient    : grpc client connection server:127.0.0.1 ip,serverPort:9848,grpcTslConfig:{"sslProvider":"","enableTls":false,"mutualAuthEnable":false,"trustAll":false}
15:54:05:252  INFO 5956 --- [gulimall-coupon] [main] c.a.n.c.a.AbstractAbilityControlManager  : Ready to get current node abilities...
15:54:05:253  INFO 5956 --- [gulimall-coupon] [main] c.a.n.c.a.AbstractAbilityControlManager  : Ready to initialize current node abilities, support modes: [SDK_CLIENT]
15:54:05:254  INFO 5956 --- [gulimall-coupon] [main] c.a.n.c.a.AbstractAbilityControlManager  : Initialize current abilities finish...
15:54:05:254  INFO 5956 --- [gulimall-coupon] [main] c.a.n.c.a.d.NacosAbilityManagerHolder    : [AbilityControlManager] Successfully initialize AbilityControlManager
15:54:05:268  INFO 5956 --- [gulimall-coupon] [main] com.alibaba.nacos.common.remote.client   : [e4bb6fe8-7fba-4523-85c8-fd2ba75fe583] Success to connect to server [127.0.0.1:8848] on start up, connectionId = 1719215645190_127.0.0.1_54091
15:54:05:269  INFO 5956 --- [gulimall-coupon] [com.alibaba.nacos.client.remote.worker.0] com.alibaba.nacos.common.remote.client   : [e4bb6fe8-7fba-4523-85c8-fd2ba75fe583] Notify connected event to listeners.
15:54:05:269  INFO 5956 --- [gulimall-coupon] [com.alibaba.nacos.client.remote.worker.0] com.alibaba.nacos.client.naming          : Grpc connection connect
15:54:05:269  INFO 5956 --- [gulimall-coupon] [main] com.alibaba.nacos.common.remote.client   : [e4bb6fe8-7fba-4523-85c8-fd2ba75fe583] Register server push request handler:com.alibaba.nacos.common.remote.client.RpcClient$ConnectResetRequestHandler
15:54:05:269  INFO 5956 --- [gulimall-coupon] [main] com.alibaba.nacos.common.remote.client   : [e4bb6fe8-7fba-4523-85c8-fd2ba75fe583] Register server push request handler:com.alibaba.nacos.common.remote.client.RpcClient$$Lambda$1008/0x0000025b516ac838
15:54:05:270  INFO 5956 --- [gulimall-coupon] [main] com.alibaba.nacos.client.naming          : [REGISTER-SERVICE] public registering service gulimall-coupon with instance Instance{instanceId='null', ip='192.168.206.1', port=8001, weight=1.0, healthy=true, enabled=true, ephemeral=true, clusterName='DEFAULT', serviceName='null', metadata={IPv6=[240c:c901:2:7a8d:8b11:f3ae:9d36:5492], preserved.register.source=SPRING_CLOUD}}
15:54:05:278  INFO 5956 --- [gulimall-coupon] [main] c.a.c.n.registry.NacosServiceRegistry    : nacos registry, DEFAULT_GROUP gulimall-coupon 192.168.206.1:8001 register finished
15:54:06:414  INFO 5956 --- [gulimall-coupon] [main] o.s.cloud.commons.util.InetUtils         : Cannot determine local hostname
15:54:06:422  INFO 5956 --- [gulimall-coupon] [main] c.a.gulimall.coupon.CouponApplication    : Started CouponApplication in 7.369 seconds (process running for 7.824)
15:54:57:905  INFO 5956 --- [gulimall-coupon] [http-nio-8001-exec-1] o.a.c.c.C.[Tomcat].[localhost].[/]       : Initializing Spring DispatcherServlet 'dispatcherServlet'
15:54:57:906  INFO 5956 --- [gulimall-coupon] [http-nio-8001-exec-1] o.s.web.servlet.DispatcherServlet        : Initializing Servlet 'dispatcherServlet'
15:54:57:908  INFO 5956 --- [gulimall-coupon] [http-nio-8001-exec-1] o.s.web.servlet.DispatcherServlet        : Completed initialization in 2 ms
15:54:57:948  INFO 5956 --- [gulimall-coupon] [http-nio-8001-exec-1] com.zaxxer.hikari.HikariDataSource       : HikariPool-1 - Starting...
15:54:58:165  INFO 5956 --- [gulimall-coupon] [http-nio-8001-exec-1] com.zaxxer.hikari.pool.HikariPool        : HikariPool-1 - Added connection com.mysql.cj.jdbc.ConnectionImpl@568b17d6
15:54:58:166  INFO 5956 --- [gulimall-coupon] [http-nio-8001-exec-1] com.zaxxer.hikari.HikariDataSource       : HikariPool-1 - Start completed.
15:54:58:171 DEBUG 5956 --- [gulimall-coupon] [http-nio-8001-exec-1] c.a.g.coupon.dao.CouponDao.selectById    : ==>  Preparing: SELECT id,coupon_type,coupon_img,coupon_name,num,amount,per_limit,min_point,start_time,end_time,use_type,note,publish_count,use_count,receive_count,enable_start_time,enable_end_time,code,member_level,publish FROM sms_coupon WHERE id=?
15:54:58:189 DEBUG 5956 --- [gulimall-coupon] [http-nio-8001-exec-1] c.a.g.coupon.dao.CouponDao.selectById    : ==> Parameters: 1(Long)
15:54:58:206 DEBUG 5956 --- [gulimall-coupon] [http-nio-8001-exec-1] c.a.g.coupon.dao.CouponDao.selectById    : <==      Total: 0
15:56:26:288 DEBUG 5956 --- [gulimall-coupon] [http-nio-8001-exec-3] c.a.g.coupon.dao.CouponDao.selectById    : ==>  Preparing: SELECT id,coupon_type,coupon_img,coupon_name,num,amount,per_limit,min_point,start_time,end_time,use_type,note,publish_count,use_count,receive_count,enable_start_time,enable_end_time,code,member_level,publish FROM sms_coupon WHERE id=?
15:56:26:289 DEBUG 5956 --- [gulimall-coupon] [http-nio-8001-exec-3] c.a.g.coupon.dao.CouponDao.selectById    : ==> Parameters: 1(Long)
15:56:26:290 DEBUG 5956 --- [gulimall-coupon] [http-nio-8001-exec-3] c.a.g.coupon.dao.CouponDao.selectById    : <==      Total: 0
16:29:09:425  WARN 5956 --- [gulimall-coupon] [Thread-3] c.a.n.common.http.HttpClientBeanHolder   : [HttpClientBeanHolder] Start destroying common HttpClient
16:29:09:425  WARN 5956 --- [gulimall-coupon] [Thread-7] c.a.nacos.common.notify.NotifyCenter     : [NotifyCenter] Start destroying Publisher
16:29:09:425  WARN 5956 --- [gulimall-coupon] [Thread-7] c.a.nacos.common.notify.NotifyCenter     : [NotifyCenter] Destruction of the end
16:29:09:426  WARN 5956 --- [gulimall-coupon] [Thread-3] c.a.n.common.http.HttpClientBeanHolder   : [HttpClientBeanHolder] Destruction of the end
16:29:09:497  INFO 5956 --- [gulimall-coupon] [SpringApplicationShutdownHook] c.a.c.n.registry.NacosServiceRegistry    : De-registering from Nacos Server now...
16:29:09:497  INFO 5956 --- [gulimall-coupon] [SpringApplicationShutdownHook] com.alibaba.nacos.client.naming          : [DEREGISTER-SERVICE] public deregistering service gulimall-coupon with instance: Instance{instanceId='null', ip='192.168.206.1', port=8001, weight=1.0, healthy=true, enabled=true, ephemeral=true, clusterName='DEFAULT', serviceName='null', metadata={}}
16:29:09:500  INFO 5956 --- [gulimall-coupon] [SpringApplicationShutdownHook] c.a.c.n.registry.NacosServiceRegistry    : De-registration finished.
16:29:09:501  INFO 5956 --- [gulimall-coupon] [SpringApplicationShutdownHook] com.alibaba.nacos.client.naming          : com.alibaba.nacos.client.naming.cache.ServiceInfoHolder do shutdown begin
16:29:09:501  INFO 5956 --- [gulimall-coupon] [SpringApplicationShutdownHook] com.alibaba.nacos.client.naming          : com.alibaba.nacos.client.naming.backups.FailoverReactor do shutdown begin
16:29:09:501  INFO 5956 --- [gulimall-coupon] [SpringApplicationShutdownHook] com.alibaba.nacos.client.naming          : com.alibaba.nacos.client.naming.backups.FailoverReactor do shutdown stop
16:29:09:501  INFO 5956 --- [gulimall-coupon] [SpringApplicationShutdownHook] com.alibaba.nacos.client.naming          : com.alibaba.nacos.client.naming.cache.ServiceInfoHolder do shutdown stop
16:29:09:501  INFO 5956 --- [gulimall-coupon] [SpringApplicationShutdownHook] com.alibaba.nacos.client.naming          : com.alibaba.nacos.client.naming.remote.NamingClientProxyDelegate do shutdown begin
16:29:09:501  INFO 5956 --- [gulimall-coupon] [SpringApplicationShutdownHook] com.alibaba.nacos.client.naming          : com.alibaba.nacos.client.naming.core.ServiceInfoUpdateService do shutdown begin
16:29:09:501  INFO 5956 --- [gulimall-coupon] [SpringApplicationShutdownHook] com.alibaba.nacos.client.naming          : com.alibaba.nacos.client.naming.core.ServiceInfoUpdateService do shutdown stop
16:29:09:501  INFO 5956 --- [gulimall-coupon] [SpringApplicationShutdownHook] com.alibaba.nacos.client.naming          : com.alibaba.nacos.client.naming.core.ServerListManager do shutdown begin
16:29:09:501  WARN 5956 --- [gulimall-coupon] [SpringApplicationShutdownHook] com.alibaba.nacos.client.naming          : [NamingHttpClientManager] Start destroying NacosRestTemplate
16:29:09:501  WARN 5956 --- [gulimall-coupon] [SpringApplicationShutdownHook] com.alibaba.nacos.client.naming          : [NamingHttpClientManager] Destruction of the end
16:29:09:501  INFO 5956 --- [gulimall-coupon] [SpringApplicationShutdownHook] com.alibaba.nacos.client.naming          : com.alibaba.nacos.client.naming.core.ServerListManager do shutdown stop
16:29:09:501  INFO 5956 --- [gulimall-coupon] [SpringApplicationShutdownHook] com.alibaba.nacos.client.naming          : com.alibaba.nacos.client.naming.remote.http.NamingHttpClientProxy do shutdown begin
16:29:09:501  WARN 5956 --- [gulimall-coupon] [SpringApplicationShutdownHook] com.alibaba.nacos.client.naming          : [NamingHttpClientManager] Start destroying NacosRestTemplate
16:29:09:501  WARN 5956 --- [gulimall-coupon] [SpringApplicationShutdownHook] com.alibaba.nacos.client.naming          : [NamingHttpClientManager] Destruction of the end
16:29:09:501  INFO 5956 --- [gulimall-coupon] [SpringApplicationShutdownHook] com.alibaba.nacos.client.naming          : com.alibaba.nacos.client.naming.remote.http.NamingHttpClientProxy do shutdown stop
16:29:09:501  INFO 5956 --- [gulimall-coupon] [SpringApplicationShutdownHook] com.alibaba.nacos.client.naming          : Shutdown naming grpc client proxy for  uuid->e4bb6fe8-7fba-4523-85c8-fd2ba75fe583
16:29:09:501  INFO 5956 --- [gulimall-coupon] [SpringApplicationShutdownHook] com.alibaba.nacos.client.naming          : Shutdown grpc redo service executor java.util.concurrent.ScheduledThreadPoolExecutor@129a4e67[Running, pool size = 1, active threads = 0, queued tasks = 1, completed tasks = 699]
16:29:09:501  INFO 5956 --- [gulimall-coupon] [SpringApplicationShutdownHook] com.alibaba.nacos.common.remote.client   : Shutdown rpc client, set status to shutdown
16:29:09:501  INFO 5956 --- [gulimall-coupon] [SpringApplicationShutdownHook] com.alibaba.nacos.common.remote.client   : Shutdown client event executor java.util.concurrent.ScheduledThreadPoolExecutor@60ef2e40[Running, pool size = 2, active threads = 2, queued tasks = 0, completed tasks = 0]
16:29:09:501  INFO 5956 --- [gulimall-coupon] [SpringApplicationShutdownHook] com.alibaba.nacos.common.remote.client   : Close current connection 1719215645190_127.0.0.1_54091
16:29:09:502  INFO 5956 --- [gulimall-coupon] [nacos-grpc-client-executor-127.0.0.1-419] c.a.n.c.remote.client.grpc.GrpcClient    : [1719215645190_127.0.0.1_54091]Ignore complete event,isRunning:false,isAbandon=false
16:29:09:504  INFO 5956 --- [gulimall-coupon] [SpringApplicationShutdownHook] c.a.n.c.remote.client.grpc.GrpcClient    : Shutdown grpc executor java.util.concurrent.ThreadPoolExecutor@7723191f[Running, pool size = 5, active threads = 0, queued tasks = 0, completed tasks = 420]
16:29:09:504  INFO 5956 --- [gulimall-coupon] [SpringApplicationShutdownHook] com.alibaba.nacos.client.naming          : shutdown and remove naming rpc client  for uuid ->e4bb6fe8-7fba-4523-85c8-fd2ba75fe583
16:29:09:504  INFO 5956 --- [gulimall-coupon] [SpringApplicationShutdownHook] c.a.n.c.a.r.identify.CredentialWatcher   : [null] CredentialWatcher is stopped
16:29:09:504  INFO 5956 --- [gulimall-coupon] [SpringApplicationShutdownHook] c.a.n.c.a.r.identify.CredentialService   : [null] CredentialService is freed
16:29:09:504  INFO 5956 --- [gulimall-coupon] [SpringApplicationShutdownHook] com.alibaba.nacos.client.naming          : com.alibaba.nacos.client.naming.remote.NamingClientProxyDelegate do shutdown stop
16:29:09:506  INFO 5956 --- [gulimall-coupon] [SpringApplicationShutdownHook] com.zaxxer.hikari.HikariDataSource       : HikariPool-1 - Shutdown initiated...
16:29:09:517  INFO 5956 --- [gulimall-coupon] [SpringApplicationShutdownHook] com.zaxxer.hikari.HikariDataSource       : HikariPool-1 - Shutdown completed.
